{"/Users/oliverpayne/dev/tasks/chat/client/src/main.tsx": {"path":"/Users/oliverpayne/dev/tasks/chat/client/src/main.tsx","all":true,"statementMap":{"0":{"start":{"line":1,"column":0},"end":{"line":1,"column":35}},"1":{"start":{"line":2,"column":0},"end":{"line":2,"column":46}},"2":{"start":{"line":3,"column":0},"end":{"line":3,"column":38}},"4":{"start":{"line":5,"column":0},"end":{"line":5,"column":52}},"5":{"start":{"line":6,"column":0},"end":{"line":6,"column":14}},"6":{"start":{"line":7,"column":0},"end":{"line":7,"column":11}},"7":{"start":{"line":8,"column":0},"end":{"line":8,"column":15}},"8":{"start":{"line":9,"column":0},"end":{"line":9,"column":2}}},"s":{"0":0,"1":0,"2":0,"4":0,"5":0,"6":0,"7":0,"8":0},"branchMap":{"0":{"type":"branch","line":1,"loc":{"start":{"line":1,"column":195},"end":{"line":9,"column":-137}},"locations":[{"start":{"line":1,"column":195},"end":{"line":9,"column":-137}}]}},"b":{"0":[0]},"fnMap":{"0":{"name":"(empty-report)","decl":{"start":{"line":1,"column":195},"end":{"line":9,"column":-137}},"loc":{"start":{"line":1,"column":195},"end":{"line":9,"column":-137}},"line":1}},"f":{"0":0}}
,"/Users/oliverpayne/dev/tasks/chat/client/src/App/index.tsx": {"path":"/Users/oliverpayne/dev/tasks/chat/client/src/App/index.tsx","all":false,"statementMap":{"0":{"start":{"line":1,"column":0},"end":{"line":1,"column":41}},"1":{"start":{"line":2,"column":0},"end":{"line":2,"column":19}},"2":{"start":{"line":3,"column":0},"end":{"line":3,"column":48}},"3":{"start":{"line":4,"column":0},"end":{"line":4,"column":46}},"4":{"start":{"line":5,"column":0},"end":{"line":5,"column":44}},"5":{"start":{"line":6,"column":0},"end":{"line":6,"column":50}},"7":{"start":{"line":8,"column":0},"end":{"line":8,"column":35}},"9":{"start":{"line":10,"column":0},"end":{"line":10,"column":23}},"10":{"start":{"line":11,"column":0},"end":{"line":11,"column":25}},"12":{"start":{"line":13,"column":0},"end":{"line":13,"column":10}},"13":{"start":{"line":14,"column":0},"end":{"line":14,"column":6}},"14":{"start":{"line":15,"column":0},"end":{"line":15,"column":79}},"15":{"start":{"line":16,"column":0},"end":{"line":16,"column":26}},"16":{"start":{"line":17,"column":0},"end":{"line":17,"column":17}},"17":{"start":{"line":18,"column":0},"end":{"line":18,"column":26}},"18":{"start":{"line":19,"column":0},"end":{"line":19,"column":20}},"19":{"start":{"line":20,"column":0},"end":{"line":20,"column":21}},"20":{"start":{"line":21,"column":0},"end":{"line":21,"column":14}},"21":{"start":{"line":22,"column":0},"end":{"line":22,"column":12}},"22":{"start":{"line":23,"column":0},"end":{"line":23,"column":7}},"24":{"start":{"line":25,"column":0},"end":{"line":25,"column":1}}},"s":{"0":1,"1":1,"2":1,"3":1,"4":1,"5":1,"7":1,"9":1,"10":3,"12":3,"13":3,"14":3,"15":3,"16":3,"17":3,"18":3,"19":3,"20":3,"21":3,"22":3,"24":3},"branchMap":{"0":{"type":"branch","line":10,"loc":{"start":{"line":10,"column":7},"end":{"line":25,"column":1}},"locations":[{"start":{"line":10,"column":7},"end":{"line":25,"column":1}}]},"1":{"type":"branch","line":15,"loc":{"start":{"line":15,"column":8},"end":{"line":15,"column":79}},"locations":[{"start":{"line":15,"column":8},"end":{"line":15,"column":79}}]}},"b":{"0":[3],"1":[1]},"fnMap":{"0":{"name":"App","decl":{"start":{"line":10,"column":7},"end":{"line":25,"column":1}},"loc":{"start":{"line":10,"column":7},"end":{"line":25,"column":1}},"line":10}},"f":{"0":3}}
,"/Users/oliverpayne/dev/tasks/chat/client/src/components/Message/index.tsx": {"path":"/Users/oliverpayne/dev/tasks/chat/client/src/components/Message/index.tsx","all":false,"statementMap":{"0":{"start":{"line":1,"column":0},"end":{"line":1,"column":43}},"1":{"start":{"line":2,"column":0},"end":{"line":2,"column":39}},"2":{"start":{"line":3,"column":0},"end":{"line":3,"column":78}},"3":{"start":{"line":4,"column":0},"end":{"line":4,"column":38}},"5":{"start":{"line":6,"column":0},"end":{"line":6,"column":40}},"6":{"start":{"line":7,"column":0},"end":{"line":7,"column":60}},"7":{"start":{"line":8,"column":0},"end":{"line":8,"column":23}},"9":{"start":{"line":10,"column":0},"end":{"line":10,"column":59}},"11":{"start":{"line":12,"column":0},"end":{"line":12,"column":56}},"13":{"start":{"line":14,"column":0},"end":{"line":14,"column":21}},"14":{"start":{"line":15,"column":0},"end":{"line":15,"column":22}},"15":{"start":{"line":16,"column":0},"end":{"line":16,"column":22}},"16":{"start":{"line":17,"column":0},"end":{"line":17,"column":14}},"17":{"start":{"line":18,"column":0},"end":{"line":18,"column":6}},"19":{"start":{"line":20,"column":0},"end":{"line":20,"column":64}},"21":{"start":{"line":22,"column":0},"end":{"line":22,"column":57}},"22":{"start":{"line":23,"column":0},"end":{"line":23,"column":19}},"23":{"start":{"line":24,"column":0},"end":{"line":24,"column":46}},"24":{"start":{"line":25,"column":0},"end":{"line":25,"column":8}},"25":{"start":{"line":26,"column":0},"end":{"line":26,"column":64}},"26":{"start":{"line":27,"column":0},"end":{"line":27,"column":9}},"28":{"start":{"line":29,"column":0},"end":{"line":29,"column":10}},"29":{"start":{"line":30,"column":0},"end":{"line":30,"column":51}},"30":{"start":{"line":31,"column":0},"end":{"line":31,"column":12}},"31":{"start":{"line":32,"column":0},"end":{"line":32,"column":26}},"32":{"start":{"line":33,"column":0},"end":{"line":33,"column":28}},"33":{"start":{"line":34,"column":0},"end":{"line":34,"column":34}},"34":{"start":{"line":35,"column":0},"end":{"line":35,"column":8}},"35":{"start":{"line":36,"column":0},"end":{"line":36,"column":11}},"37":{"start":{"line":38,"column":0},"end":{"line":38,"column":2}}},"s":{"0":1,"1":1,"2":1,"3":1,"5":1,"6":3,"7":2,"9":2,"11":2,"13":2,"14":2,"15":2,"16":2,"17":2,"19":2,"21":2,"22":2,"23":2,"24":2,"25":2,"26":3,"28":3,"29":3,"30":3,"31":3,"32":3,"33":3,"34":3,"35":3,"37":3},"branchMap":{"0":{"type":"branch","line":6,"loc":{"start":{"line":6,"column":33},"end":{"line":38,"column":2}},"locations":[{"start":{"line":6,"column":33},"end":{"line":38,"column":2}}]},"1":{"type":"branch","line":7,"loc":{"start":{"line":7,"column":35},"end":{"line":27,"column":5}},"locations":[{"start":{"line":7,"column":35},"end":{"line":27,"column":5}}]},"2":{"type":"branch","line":23,"loc":{"start":{"line":23,"column":12},"end":{"line":25,"column":7}},"locations":[{"start":{"line":23,"column":12},"end":{"line":25,"column":7}}]}},"b":{"0":[3],"1":[2],"2":[2]},"fnMap":{"0":{"name":"Message","decl":{"start":{"line":6,"column":33},"end":{"line":38,"column":2}},"loc":{"start":{"line":6,"column":33},"end":{"line":38,"column":2}},"line":6}},"f":{"0":3}}
,"/Users/oliverpayne/dev/tasks/chat/client/src/components/Username/index.tsx": {"path":"/Users/oliverpayne/dev/tasks/chat/client/src/components/Username/index.tsx","all":false,"statementMap":{"0":{"start":{"line":1,"column":0},"end":{"line":1,"column":8}},"4":{"start":{"line":5,"column":0},"end":{"line":5,"column":51}},"5":{"start":{"line":6,"column":0},"end":{"line":6,"column":39}},"6":{"start":{"line":7,"column":0},"end":{"line":7,"column":38}},"8":{"start":{"line":9,"column":0},"end":{"line":9,"column":41}},"9":{"start":{"line":10,"column":0},"end":{"line":10,"column":50}},"11":{"start":{"line":12,"column":0},"end":{"line":12,"column":77}},"12":{"start":{"line":13,"column":0},"end":{"line":13,"column":23}},"13":{"start":{"line":14,"column":0},"end":{"line":14,"column":35}},"14":{"start":{"line":15,"column":0},"end":{"line":15,"column":39}},"16":{"start":{"line":17,"column":0},"end":{"line":17,"column":21}},"17":{"start":{"line":18,"column":0},"end":{"line":18,"column":19}},"18":{"start":{"line":19,"column":0},"end":{"line":19,"column":24}},"19":{"start":{"line":20,"column":0},"end":{"line":20,"column":6}},"21":{"start":{"line":22,"column":0},"end":{"line":22,"column":25}},"23":{"start":{"line":24,"column":0},"end":{"line":24,"column":64}},"24":{"start":{"line":25,"column":0},"end":{"line":25,"column":25}},"25":{"start":{"line":26,"column":0},"end":{"line":26,"column":60}},"26":{"start":{"line":27,"column":0},"end":{"line":27,"column":12}},"27":{"start":{"line":28,"column":0},"end":{"line":28,"column":47}},"28":{"start":{"line":29,"column":0},"end":{"line":29,"column":5}},"29":{"start":{"line":30,"column":0},"end":{"line":30,"column":9}},"31":{"start":{"line":32,"column":0},"end":{"line":32,"column":10}},"32":{"start":{"line":33,"column":0},"end":{"line":33,"column":29}},"33":{"start":{"line":34,"column":0},"end":{"line":34,"column":28}},"34":{"start":{"line":35,"column":0},"end":{"line":35,"column":52}},"35":{"start":{"line":36,"column":0},"end":{"line":36,"column":14}},"36":{"start":{"line":37,"column":0},"end":{"line":37,"column":24}},"37":{"start":{"line":38,"column":0},"end":{"line":38,"column":21}},"38":{"start":{"line":39,"column":0},"end":{"line":39,"column":21}},"39":{"start":{"line":40,"column":0},"end":{"line":40,"column":28}},"40":{"start":{"line":41,"column":0},"end":{"line":41,"column":18}},"41":{"start":{"line":42,"column":0},"end":{"line":42,"column":10}},"42":{"start":{"line":43,"column":0},"end":{"line":43,"column":43}},"43":{"start":{"line":44,"column":0},"end":{"line":44,"column":13}},"44":{"start":{"line":45,"column":0},"end":{"line":45,"column":13}},"46":{"start":{"line":47,"column":0},"end":{"line":47,"column":2}}},"s":{"0":1,"4":1,"5":1,"6":1,"8":1,"9":4,"11":4,"12":1,"13":1,"14":1,"16":1,"17":1,"18":1,"19":1,"21":1,"23":1,"24":1,"25":1,"26":1,"27":0,"28":0,"29":4,"31":4,"32":4,"33":4,"34":4,"35":4,"36":4,"37":4,"38":4,"39":4,"40":4,"41":4,"42":4,"43":4,"44":4,"46":4},"branchMap":{"0":{"type":"branch","line":9,"loc":{"start":{"line":9,"column":34},"end":{"line":47,"column":2}},"locations":[{"start":{"line":9,"column":34},"end":{"line":47,"column":2}}]},"1":{"type":"branch","line":12,"loc":{"start":{"line":12,"column":35},"end":{"line":30,"column":5}},"locations":[{"start":{"line":12,"column":35},"end":{"line":30,"column":5}}]},"2":{"type":"branch","line":15,"loc":{"start":{"line":15,"column":32},"end":{"line":15,"column":39}},"locations":[{"start":{"line":15,"column":32},"end":{"line":15,"column":39}}]},"3":{"type":"branch","line":27,"loc":{"start":{"line":27,"column":4},"end":{"line":29,"column":5}},"locations":[{"start":{"line":27,"column":4},"end":{"line":29,"column":5}}]}},"b":{"0":[4],"1":[1],"2":[0],"3":[0]},"fnMap":{"0":{"name":"Username","decl":{"start":{"line":9,"column":34},"end":{"line":47,"column":2}},"loc":{"start":{"line":9,"column":34},"end":{"line":47,"column":2}},"line":9}},"f":{"0":4}}
,"/Users/oliverpayne/dev/tasks/chat/client/src/components/Users/index.tsx": {"path":"/Users/oliverpayne/dev/tasks/chat/client/src/components/Users/index.tsx","all":false,"statementMap":{"0":{"start":{"line":1,"column":0},"end":{"line":1,"column":38}},"1":{"start":{"line":2,"column":0},"end":{"line":2,"column":26}},"2":{"start":{"line":3,"column":0},"end":{"line":3,"column":39}},"4":{"start":{"line":5,"column":0},"end":{"line":5,"column":38}},"5":{"start":{"line":6,"column":0},"end":{"line":6,"column":27}},"7":{"start":{"line":8,"column":0},"end":{"line":8,"column":10}},"8":{"start":{"line":9,"column":0},"end":{"line":9,"column":22}},"9":{"start":{"line":10,"column":0},"end":{"line":10,"column":10}},"10":{"start":{"line":11,"column":0},"end":{"line":11,"column":30}},"11":{"start":{"line":12,"column":0},"end":{"line":12,"column":80}},"12":{"start":{"line":13,"column":0},"end":{"line":13,"column":23}},"13":{"start":{"line":14,"column":0},"end":{"line":14,"column":15}},"14":{"start":{"line":15,"column":0},"end":{"line":15,"column":11}},"15":{"start":{"line":16,"column":0},"end":{"line":16,"column":11}},"16":{"start":{"line":17,"column":0},"end":{"line":17,"column":12}},"18":{"start":{"line":19,"column":0},"end":{"line":19,"column":2}}},"s":{"0":1,"1":1,"2":1,"4":1,"5":2,"7":2,"8":2,"9":2,"10":2,"11":4,"12":4,"13":4,"14":2,"15":2,"16":2,"18":2},"branchMap":{"0":{"type":"branch","line":5,"loc":{"start":{"line":5,"column":31},"end":{"line":19,"column":2}},"locations":[{"start":{"line":5,"column":31},"end":{"line":19,"column":2}}]},"1":{"type":"branch","line":11,"loc":{"start":{"line":11,"column":19},"end":{"line":14,"column":15}},"locations":[{"start":{"line":11,"column":19},"end":{"line":14,"column":15}}]}},"b":{"0":[2],"1":[4]},"fnMap":{"0":{"name":"Users","decl":{"start":{"line":5,"column":31},"end":{"line":19,"column":2}},"loc":{"start":{"line":5,"column":31},"end":{"line":19,"column":2}},"line":5}},"f":{"0":2}}
,"/Users/oliverpayne/dev/tasks/chat/client/src/components/Window/index.tsx": {"path":"/Users/oliverpayne/dev/tasks/chat/client/src/components/Window/index.tsx","all":false,"statementMap":{"0":{"start":{"line":1,"column":0},"end":{"line":1,"column":26}},"1":{"start":{"line":2,"column":0},"end":{"line":2,"column":38}},"2":{"start":{"line":3,"column":0},"end":{"line":3,"column":42}},"4":{"start":{"line":5,"column":0},"end":{"line":5,"column":39}},"5":{"start":{"line":6,"column":0},"end":{"line":6,"column":33}},"7":{"start":{"line":8,"column":0},"end":{"line":8,"column":10}},"8":{"start":{"line":9,"column":0},"end":{"line":9,"column":27}},"9":{"start":{"line":10,"column":0},"end":{"line":10,"column":11}},"10":{"start":{"line":11,"column":0},"end":{"line":11,"column":35}},"11":{"start":{"line":12,"column":0},"end":{"line":12,"column":18}},"12":{"start":{"line":13,"column":0},"end":{"line":13,"column":25}},"13":{"start":{"line":14,"column":0},"end":{"line":14,"column":71}},"14":{"start":{"line":15,"column":0},"end":{"line":15,"column":80}},"15":{"start":{"line":16,"column":0},"end":{"line":16,"column":21}},"16":{"start":{"line":17,"column":0},"end":{"line":17,"column":40}},"17":{"start":{"line":18,"column":0},"end":{"line":18,"column":18}},"19":{"start":{"line":20,"column":0},"end":{"line":20,"column":11}},"20":{"start":{"line":21,"column":0},"end":{"line":21,"column":12}},"21":{"start":{"line":22,"column":0},"end":{"line":22,"column":10}},"23":{"start":{"line":24,"column":0},"end":{"line":24,"column":2}}},"s":{"0":1,"1":1,"2":1,"4":1,"5":3,"7":3,"8":3,"9":3,"10":3,"11":6,"12":6,"13":6,"14":6,"15":6,"16":6,"17":6,"19":3,"20":3,"21":3,"23":3},"branchMap":{"0":{"type":"branch","line":5,"loc":{"start":{"line":5,"column":32},"end":{"line":24,"column":2}},"locations":[{"start":{"line":5,"column":32},"end":{"line":24,"column":2}}]},"1":{"type":"branch","line":11,"loc":{"start":{"line":11,"column":22},"end":{"line":20,"column":9}},"locations":[{"start":{"line":11,"column":22},"end":{"line":20,"column":9}}]}},"b":{"0":[3],"1":[6]},"fnMap":{"0":{"name":"Window","decl":{"start":{"line":5,"column":32},"end":{"line":24,"column":2}},"loc":{"start":{"line":5,"column":32},"end":{"line":24,"column":2}},"line":5}},"f":{"0":3}}
,"/Users/oliverpayne/dev/tasks/chat/client/src/services/websocket.ts": {"path":"/Users/oliverpayne/dev/tasks/chat/client/src/services/websocket.ts","all":false,"statementMap":{"0":{"start":{"line":1,"column":0},"end":{"line":1,"column":8}},"14":{"start":{"line":15,"column":0},"end":{"line":15,"column":28}},"15":{"start":{"line":16,"column":0},"end":{"line":16,"column":16}},"16":{"start":{"line":17,"column":0},"end":{"line":17,"column":27}},"17":{"start":{"line":18,"column":0},"end":{"line":18,"column":21}},"18":{"start":{"line":19,"column":0},"end":{"line":19,"column":27}},"20":{"start":{"line":21,"column":0},"end":{"line":21,"column":14}},"21":{"start":{"line":22,"column":0},"end":{"line":22,"column":16}},"22":{"start":{"line":23,"column":0},"end":{"line":23,"column":29}},"23":{"start":{"line":24,"column":0},"end":{"line":24,"column":23}},"24":{"start":{"line":25,"column":0},"end":{"line":25,"column":28}},"25":{"start":{"line":26,"column":0},"end":{"line":26,"column":5}},"26":{"start":{"line":27,"column":0},"end":{"line":27,"column":33}},"27":{"start":{"line":28,"column":0},"end":{"line":28,"column":54}},"28":{"start":{"line":29,"column":0},"end":{"line":29,"column":51}},"29":{"start":{"line":30,"column":0},"end":{"line":30,"column":33}},"30":{"start":{"line":31,"column":0},"end":{"line":31,"column":27}},"31":{"start":{"line":32,"column":0},"end":{"line":32,"column":33}},"32":{"start":{"line":33,"column":0},"end":{"line":33,"column":3}},"34":{"start":{"line":35,"column":0},"end":{"line":35,"column":38}},"35":{"start":{"line":36,"column":0},"end":{"line":36,"column":22}},"36":{"start":{"line":37,"column":0},"end":{"line":37,"column":9}},"37":{"start":{"line":38,"column":0},"end":{"line":38,"column":12}},"38":{"start":{"line":39,"column":0},"end":{"line":39,"column":77}},"39":{"start":{"line":40,"column":0},"end":{"line":40,"column":19}},"40":{"start":{"line":41,"column":0},"end":{"line":41,"column":53}},"41":{"start":{"line":42,"column":0},"end":{"line":42,"column":13}},"42":{"start":{"line":43,"column":0},"end":{"line":43,"column":5}},"44":{"start":{"line":45,"column":0},"end":{"line":45,"column":51}},"46":{"start":{"line":47,"column":0},"end":{"line":47,"column":26}},"47":{"start":{"line":48,"column":0},"end":{"line":48,"column":55}},"48":{"start":{"line":49,"column":0},"end":{"line":49,"column":13}},"49":{"start":{"line":50,"column":0},"end":{"line":50,"column":5}},"51":{"start":{"line":52,"column":0},"end":{"line":52,"column":31}},"52":{"start":{"line":53,"column":0},"end":{"line":53,"column":23}},"53":{"start":{"line":54,"column":0},"end":{"line":54,"column":61}},"54":{"start":{"line":55,"column":0},"end":{"line":55,"column":32}},"55":{"start":{"line":56,"column":0},"end":{"line":56,"column":42}},"56":{"start":{"line":57,"column":0},"end":{"line":57,"column":16}},"57":{"start":{"line":58,"column":0},"end":{"line":58,"column":41}},"58":{"start":{"line":59,"column":0},"end":{"line":59,"column":9}},"59":{"start":{"line":60,"column":0},"end":{"line":60,"column":14}},"60":{"start":{"line":61,"column":0},"end":{"line":61,"column":7}},"61":{"start":{"line":62,"column":0},"end":{"line":62,"column":20}},"62":{"start":{"line":63,"column":0},"end":{"line":63,"column":63}},"63":{"start":{"line":64,"column":0},"end":{"line":64,"column":33}},"64":{"start":{"line":65,"column":0},"end":{"line":65,"column":46}},"65":{"start":{"line":66,"column":0},"end":{"line":66,"column":16}},"66":{"start":{"line":67,"column":0},"end":{"line":67,"column":42}},"67":{"start":{"line":68,"column":0},"end":{"line":68,"column":9}},"68":{"start":{"line":69,"column":0},"end":{"line":69,"column":14}},"69":{"start":{"line":70,"column":0},"end":{"line":70,"column":7}},"71":{"start":{"line":72,"column":0},"end":{"line":72,"column":22}},"72":{"start":{"line":73,"column":0},"end":{"line":73,"column":65}},"74":{"start":{"line":75,"column":0},"end":{"line":75,"column":29}},"75":{"start":{"line":76,"column":0},"end":{"line":76,"column":42}},"76":{"start":{"line":77,"column":0},"end":{"line":77,"column":34}},"77":{"start":{"line":78,"column":0},"end":{"line":78,"column":38}},"78":{"start":{"line":79,"column":0},"end":{"line":79,"column":9}},"79":{"start":{"line":80,"column":0},"end":{"line":80,"column":14}},"80":{"start":{"line":81,"column":0},"end":{"line":81,"column":7}},"82":{"start":{"line":83,"column":0},"end":{"line":83,"column":14}},"83":{"start":{"line":84,"column":0},"end":{"line":84,"column":14}},"84":{"start":{"line":85,"column":0},"end":{"line":85,"column":5}},"85":{"start":{"line":86,"column":0},"end":{"line":86,"column":3}},"87":{"start":{"line":88,"column":0},"end":{"line":88,"column":17}},"88":{"start":{"line":89,"column":0},"end":{"line":89,"column":50}},"89":{"start":{"line":90,"column":0},"end":{"line":90,"column":20}},"90":{"start":{"line":91,"column":0},"end":{"line":91,"column":45}},"91":{"start":{"line":92,"column":0},"end":{"line":92,"column":34}},"92":{"start":{"line":93,"column":0},"end":{"line":93,"column":13}},"93":{"start":{"line":94,"column":0},"end":{"line":94,"column":59}},"94":{"start":{"line":95,"column":0},"end":{"line":95,"column":20}},"95":{"start":{"line":96,"column":0},"end":{"line":96,"column":23}},"96":{"start":{"line":97,"column":0},"end":{"line":97,"column":22}},"97":{"start":{"line":98,"column":0},"end":{"line":98,"column":9}},"98":{"start":{"line":99,"column":0},"end":{"line":99,"column":39}},"99":{"start":{"line":100,"column":0},"end":{"line":100,"column":63}},"100":{"start":{"line":101,"column":0},"end":{"line":101,"column":36}},"101":{"start":{"line":102,"column":0},"end":{"line":102,"column":7}},"102":{"start":{"line":103,"column":0},"end":{"line":103,"column":7}},"103":{"start":{"line":104,"column":0},"end":{"line":104,"column":3}},"104":{"start":{"line":105,"column":0},"end":{"line":105,"column":1}}},"s":{"0":1,"14":1,"15":9,"16":9,"17":9,"18":9,"20":9,"21":9,"22":9,"23":9,"24":9,"25":9,"26":9,"27":9,"28":9,"29":9,"30":9,"31":9,"32":9,"34":9,"35":4,"36":4,"37":4,"38":4,"39":4,"40":1,"41":1,"42":1,"44":3,"46":4,"47":0,"48":0,"49":0,"51":3,"52":4,"53":1,"54":1,"55":1,"56":1,"57":0,"58":0,"59":1,"60":1,"61":4,"62":1,"63":1,"64":1,"65":1,"66":0,"67":0,"68":1,"69":1,"71":4,"72":1,"74":1,"75":1,"76":1,"77":0,"78":0,"79":1,"80":1,"82":4,"83":0,"84":4,"85":4,"87":9,"88":3,"89":3,"90":3,"91":3,"92":2,"93":2,"94":2,"95":2,"96":1,"97":1,"98":3,"99":1,"100":1,"101":1,"102":3,"103":3,"104":9},"branchMap":{"0":{"type":"branch","line":15,"loc":{"start":{"line":15,"column":27},"end":{"line":105,"column":1}},"locations":[{"start":{"line":15,"column":27},"end":{"line":105,"column":1}}]},"1":{"type":"branch","line":21,"loc":{"start":{"line":21,"column":2},"end":{"line":33,"column":3}},"locations":[{"start":{"line":21,"column":2},"end":{"line":33,"column":3}}]},"2":{"type":"branch","line":35,"loc":{"start":{"line":35,"column":2},"end":{"line":86,"column":3}},"locations":[{"start":{"line":35,"column":2},"end":{"line":86,"column":3}}]},"3":{"type":"branch","line":39,"loc":{"start":{"line":39,"column":62},"end":{"line":39,"column":77}},"locations":[{"start":{"line":39,"column":62},"end":{"line":39,"column":77}}]},"4":{"type":"branch","line":40,"loc":{"start":{"line":40,"column":4},"end":{"line":43,"column":5}},"locations":[{"start":{"line":40,"column":4},"end":{"line":43,"column":5}}]},"5":{"type":"branch","line":43,"loc":{"start":{"line":43,"column":4},"end":{"line":47,"column":25}},"locations":[{"start":{"line":43,"column":4},"end":{"line":47,"column":25}}]},"6":{"type":"branch","line":47,"loc":{"start":{"line":47,"column":25},"end":{"line":50,"column":5}},"locations":[{"start":{"line":47,"column":25},"end":{"line":50,"column":5}}]},"7":{"type":"branch","line":50,"loc":{"start":{"line":50,"column":4},"end":{"line":52,"column":31}},"locations":[{"start":{"line":50,"column":4},"end":{"line":52,"column":31}}]},"8":{"type":"branch","line":53,"loc":{"start":{"line":53,"column":6},"end":{"line":61,"column":7}},"locations":[{"start":{"line":53,"column":6},"end":{"line":61,"column":7}}]},"9":{"type":"branch","line":57,"loc":{"start":{"line":57,"column":8},"end":{"line":59,"column":9}},"locations":[{"start":{"line":57,"column":8},"end":{"line":59,"column":9}}]},"10":{"type":"branch","line":62,"loc":{"start":{"line":62,"column":6},"end":{"line":70,"column":7}},"locations":[{"start":{"line":62,"column":6},"end":{"line":70,"column":7}}]},"11":{"type":"branch","line":66,"loc":{"start":{"line":66,"column":8},"end":{"line":68,"column":9}},"locations":[{"start":{"line":66,"column":8},"end":{"line":68,"column":9}}]},"12":{"type":"branch","line":72,"loc":{"start":{"line":72,"column":6},"end":{"line":81,"column":7}},"locations":[{"start":{"line":72,"column":6},"end":{"line":81,"column":7}}]},"13":{"type":"branch","line":77,"loc":{"start":{"line":77,"column":8},"end":{"line":79,"column":9}},"locations":[{"start":{"line":77,"column":8},"end":{"line":79,"column":9}}]},"14":{"type":"branch","line":83,"loc":{"start":{"line":83,"column":6},"end":{"line":84,"column":14}},"locations":[{"start":{"line":83,"column":6},"end":{"line":84,"column":14}}]},"15":{"type":"branch","line":88,"loc":{"start":{"line":88,"column":2},"end":{"line":104,"column":3}},"locations":[{"start":{"line":88,"column":2},"end":{"line":104,"column":3}}]},"16":{"type":"branch","line":91,"loc":{"start":{"line":91,"column":23},"end":{"line":103,"column":5}},"locations":[{"start":{"line":91,"column":23},"end":{"line":103,"column":5}}]},"17":{"type":"branch","line":92,"loc":{"start":{"line":92,"column":33},"end":{"line":99,"column":17}},"locations":[{"start":{"line":92,"column":33},"end":{"line":99,"column":17}}]},"18":{"type":"branch","line":96,"loc":{"start":{"line":96,"column":8},"end":{"line":98,"column":9}},"locations":[{"start":{"line":96,"column":8},"end":{"line":98,"column":9}}]},"19":{"type":"branch","line":99,"loc":{"start":{"line":99,"column":6},"end":{"line":102,"column":7}},"locations":[{"start":{"line":99,"column":6},"end":{"line":102,"column":7}}]}},"b":{"0":[9],"1":[9],"2":[4],"3":[0],"4":[1],"5":[3],"6":[0],"7":[3],"8":[1],"9":[0],"10":[1],"11":[0],"12":[1],"13":[0],"14":[0],"15":[3],"16":[3],"17":[2],"18":[1],"19":[1]},"fnMap":{"0":{"name":"<instance_members_initializer>","decl":{"start":{"line":15,"column":27},"end":{"line":105,"column":1}},"loc":{"start":{"line":15,"column":27},"end":{"line":105,"column":1}},"line":15},"1":{"name":"ChatWebSocket","decl":{"start":{"line":21,"column":2},"end":{"line":33,"column":3}},"loc":{"start":{"line":21,"column":2},"end":{"line":33,"column":3}},"line":21},"2":{"name":"handleMessage","decl":{"start":{"line":35,"column":2},"end":{"line":86,"column":3}},"loc":{"start":{"line":35,"column":2},"end":{"line":86,"column":3}},"line":35},"3":{"name":"sendMessage","decl":{"start":{"line":88,"column":2},"end":{"line":104,"column":3}},"loc":{"start":{"line":88,"column":2},"end":{"line":104,"column":3}},"line":88}},"f":{"0":9,"1":9,"2":4,"3":3}}
,"/Users/oliverpayne/dev/tasks/chat/client/src/services/ws.ts": {"path":"/Users/oliverpayne/dev/tasks/chat/client/src/services/ws.ts","all":false,"statementMap":{"0":{"start":{"line":1,"column":0},"end":{"line":1,"column":44}},"1":{"start":{"line":2,"column":0},"end":{"line":2,"column":59}},"3":{"start":{"line":4,"column":0},"end":{"line":4,"column":36}},"4":{"start":{"line":5,"column":0},"end":{"line":5,"column":25}},"5":{"start":{"line":6,"column":0},"end":{"line":6,"column":13}},"6":{"start":{"line":7,"column":0},"end":{"line":7,"column":10}},"7":{"start":{"line":8,"column":0},"end":{"line":8,"column":12}},"8":{"start":{"line":9,"column":0},"end":{"line":9,"column":2}}},"s":{"0":1,"1":1,"3":1,"4":1,"5":1,"6":1,"7":1,"8":1},"branchMap":{},"b":{},"fnMap":{},"f":{}}
,"/Users/oliverpayne/dev/tasks/chat/client/src/store/index.ts": {"path":"/Users/oliverpayne/dev/tasks/chat/client/src/store/index.ts","all":false,"statementMap":{"1":{"start":{"line":2,"column":0},"end":{"line":2,"column":33}},"9":{"start":{"line":10,"column":0},"end":{"line":10,"column":64}},"10":{"start":{"line":11,"column":0},"end":{"line":11,"column":15}},"11":{"start":{"line":12,"column":0},"end":{"line":12,"column":12}},"12":{"start":{"line":13,"column":0},"end":{"line":13,"column":11}},"13":{"start":{"line":14,"column":0},"end":{"line":14,"column":4}},"15":{"start":{"line":16,"column":0},"end":{"line":16,"column":64}},"16":{"start":{"line":17,"column":0},"end":{"line":17,"column":38}},"17":{"start":{"line":18,"column":0},"end":{"line":18,"column":39}},"18":{"start":{"line":19,"column":0},"end":{"line":19,"column":6}},"19":{"start":{"line":20,"column":0},"end":{"line":20,"column":2}},"21":{"start":{"line":22,"column":0},"end":{"line":22,"column":52}},"22":{"start":{"line":23,"column":0},"end":{"line":23,"column":38}},"23":{"start":{"line":24,"column":0},"end":{"line":24,"column":33}},"24":{"start":{"line":25,"column":0},"end":{"line":25,"column":6}},"25":{"start":{"line":26,"column":0},"end":{"line":26,"column":2}},"27":{"start":{"line":28,"column":0},"end":{"line":28,"column":42}},"28":{"start":{"line":29,"column":0},"end":{"line":29,"column":30}},"29":{"start":{"line":30,"column":0},"end":{"line":30,"column":9}},"30":{"start":{"line":31,"column":0},"end":{"line":31,"column":5}},"31":{"start":{"line":32,"column":0},"end":{"line":32,"column":2}},"33":{"start":{"line":34,"column":0},"end":{"line":34,"column":43}},"34":{"start":{"line":35,"column":0},"end":{"line":35,"column":38}},"35":{"start":{"line":36,"column":0},"end":{"line":36,"column":52}},"36":{"start":{"line":37,"column":0},"end":{"line":37,"column":6}},"37":{"start":{"line":38,"column":0},"end":{"line":38,"column":2}},"39":{"start":{"line":40,"column":0},"end":{"line":40,"column":70}},"40":{"start":{"line":41,"column":0},"end":{"line":41,"column":64}},"41":{"start":{"line":42,"column":0},"end":{"line":42,"column":62}},"43":{"start":{"line":44,"column":0},"end":{"line":44,"column":63}}},"s":{"1":1,"9":1,"10":6,"11":6,"12":6,"13":1,"15":1,"16":3,"17":3,"18":3,"19":3,"21":1,"22":2,"23":2,"24":2,"25":2,"27":1,"28":2,"29":2,"30":2,"31":2,"33":1,"34":1,"35":1,"36":1,"37":1,"39":1,"40":1,"41":1,"43":1},"branchMap":{"0":{"type":"branch","line":10,"loc":{"start":{"line":10,"column":56},"end":{"line":14,"column":2}},"locations":[{"start":{"line":10,"column":56},"end":{"line":14,"column":2}}]},"1":{"type":"branch","line":16,"loc":{"start":{"line":16,"column":26},"end":{"line":20,"column":2}},"locations":[{"start":{"line":16,"column":26},"end":{"line":20,"column":2}}]},"2":{"type":"branch","line":17,"loc":{"start":{"line":17,"column":29},"end":{"line":19,"column":4}},"locations":[{"start":{"line":17,"column":29},"end":{"line":19,"column":4}}]},"3":{"type":"branch","line":22,"loc":{"start":{"line":22,"column":23},"end":{"line":26,"column":2}},"locations":[{"start":{"line":22,"column":23},"end":{"line":26,"column":2}}]},"4":{"type":"branch","line":23,"loc":{"start":{"line":23,"column":29},"end":{"line":25,"column":4}},"locations":[{"start":{"line":23,"column":29},"end":{"line":25,"column":4}}]},"5":{"type":"branch","line":28,"loc":{"start":{"line":28,"column":23},"end":{"line":32,"column":2}},"locations":[{"start":{"line":28,"column":23},"end":{"line":32,"column":2}}]},"6":{"type":"branch","line":34,"loc":{"start":{"line":34,"column":26},"end":{"line":38,"column":2}},"locations":[{"start":{"line":34,"column":26},"end":{"line":38,"column":2}}]},"7":{"type":"branch","line":35,"loc":{"start":{"line":35,"column":29},"end":{"line":37,"column":4}},"locations":[{"start":{"line":35,"column":29},"end":{"line":37,"column":4}}]},"8":{"type":"branch","line":36,"loc":{"start":{"line":36,"column":26},"end":{"line":36,"column":50}},"locations":[{"start":{"line":36,"column":26},"end":{"line":36,"column":50}}]},"9":{"type":"branch","line":40,"loc":{"start":{"line":40,"column":27},"end":{"line":40,"column":70}},"locations":[{"start":{"line":40,"column":27},"end":{"line":40,"column":70}}]},"10":{"type":"branch","line":40,"loc":{"start":{"line":40,"column":51},"end":{"line":40,"column":68}},"locations":[{"start":{"line":40,"column":51},"end":{"line":40,"column":68}}]},"11":{"type":"branch","line":41,"loc":{"start":{"line":41,"column":24},"end":{"line":41,"column":64}},"locations":[{"start":{"line":41,"column":24},"end":{"line":41,"column":64}}]},"12":{"type":"branch","line":41,"loc":{"start":{"line":41,"column":48},"end":{"line":41,"column":62}},"locations":[{"start":{"line":41,"column":48},"end":{"line":41,"column":62}}]},"13":{"type":"branch","line":42,"loc":{"start":{"line":42,"column":23},"end":{"line":42,"column":62}},"locations":[{"start":{"line":42,"column":23},"end":{"line":42,"column":62}}]},"14":{"type":"branch","line":42,"loc":{"start":{"line":42,"column":47},"end":{"line":42,"column":60}},"locations":[{"start":{"line":42,"column":47},"end":{"line":42,"column":60}}]},"15":{"type":"branch","line":44,"loc":{"start":{"line":44,"column":23},"end":{"line":44,"column":63}},"locations":[{"start":{"line":44,"column":23},"end":{"line":44,"column":63}}]}},"b":{"0":[6],"1":[3],"2":[3],"3":[2],"4":[2],"5":[2],"6":[1],"7":[1],"8":[2],"9":[4],"10":[15],"11":[4],"12":[15],"13":[2],"14":[7],"15":[1]},"fnMap":{"0":{"name":"addMessage","decl":{"start":{"line":16,"column":26},"end":{"line":20,"column":2}},"loc":{"start":{"line":16,"column":26},"end":{"line":20,"column":2}},"line":16},"1":{"name":"addUser","decl":{"start":{"line":22,"column":23},"end":{"line":26,"column":2}},"loc":{"start":{"line":22,"column":23},"end":{"line":26,"column":2}},"line":22},"2":{"name":"setName","decl":{"start":{"line":28,"column":23},"end":{"line":32,"column":2}},"loc":{"start":{"line":28,"column":23},"end":{"line":32,"column":2}},"line":28},"3":{"name":"deleteUser","decl":{"start":{"line":34,"column":26},"end":{"line":38,"column":2}},"loc":{"start":{"line":34,"column":26},"end":{"line":38,"column":2}},"line":34},"4":{"name":"useMessages","decl":{"start":{"line":40,"column":27},"end":{"line":40,"column":70}},"loc":{"start":{"line":40,"column":27},"end":{"line":40,"column":70}},"line":40},"5":{"name":"useUsers","decl":{"start":{"line":41,"column":24},"end":{"line":41,"column":64}},"loc":{"start":{"line":41,"column":24},"end":{"line":41,"column":64}},"line":41},"6":{"name":"useName","decl":{"start":{"line":42,"column":23},"end":{"line":42,"column":62}},"loc":{"start":{"line":42,"column":23},"end":{"line":42,"column":62}},"line":42},"7":{"name":"getName","decl":{"start":{"line":44,"column":23},"end":{"line":44,"column":63}},"loc":{"start":{"line":44,"column":23},"end":{"line":44,"column":63}},"line":44}},"f":{"0":3,"1":2,"2":2,"3":1,"4":4,"5":4,"6":2,"7":1}}
}
